<?xml version="1.0" encoding="UTF-8"?>
<!-- Generated by org.testng.reporters.JUnitReportReporter -->
<testsuite hostname="LAPTOP-II19GFEG" failures="0" tests="4" name="com.simplilearn.ApplicationTests" time="55.868" errors="0" timestamp="31 May 2022 05:27:22 GMT" skipped="0">
  <testcase classname="com.simplilearn.ApplicationTests" name="removeStudent" time="13.672"/>
  <testcase classname="com.simplilearn.ApplicationTests" name="addStudent" time="15.383"/>
  <testcase classname="com.simplilearn.ApplicationTests" name="readStudent" time="9.447"/>
  <testcase classname="com.simplilearn.ApplicationTests" name="updateStudent" time="17.366"/>
</testsuite> <!-- com.simplilearn.ApplicationTests -->
